<?xml version="1.0" encoding="UTF-8"?>
<coverage generated="1753298682471" clover="3.2.0">
  <project timestamp="1753298682472" name="All files">
    <metrics statements="152" coveredstatements="83" conditionals="48" coveredconditionals="28" methods="56" coveredmethods="30" elements="256" coveredelements="141" complexity="0" loc="152" ncloc="152" packages="4" files="8" classes="8"/>
    <package name="components">
      <metrics statements="17" coveredstatements="17" conditionals="2" coveredconditionals="2" methods="10" coveredmethods="10"/>
      <file name="Button.jsx" path="C:\Users\cinti\OneDrive\Documentos\curso-dev-quest\Projeto-Completo\Lista-Pokedex\src\components\Button.jsx">
        <metrics statements="5" coveredstatements="5" conditionals="0" coveredconditionals="0" methods="3" coveredmethods="3"/>
        <line num="4" count="1" type="stmt"/>
        <line num="5" count="19" type="stmt"/>
        <line num="6" count="19" type="stmt"/>
        <line num="26" count="1" type="stmt"/>
        <line num="27" count="17" type="stmt"/>
      </file>
      <file name="PokemonCard.jsx" path="C:\Users\cinti\OneDrive\Documentos\curso-dev-quest\Projeto-Completo\Lista-Pokedex\src\components\PokemonCard.jsx">
        <metrics statements="6" coveredstatements="6" conditionals="0" coveredconditionals="0" methods="4" coveredmethods="4"/>
        <line num="5" count="1" type="stmt"/>
        <line num="6" count="94" type="stmt"/>
        <line num="7" count="94" type="stmt"/>
        <line num="13" count="94" type="stmt"/>
        <line num="39" count="1" type="stmt"/>
        <line num="40" count="84" type="stmt"/>
      </file>
      <file name="ThemeToggleButton.jsx" path="C:\Users\cinti\OneDrive\Documentos\curso-dev-quest\Projeto-Completo\Lista-Pokedex\src\components\ThemeToggleButton.jsx">
        <metrics statements="6" coveredstatements="6" conditionals="2" coveredconditionals="2" methods="3" coveredmethods="3"/>
        <line num="5" count="1" type="stmt"/>
        <line num="6" count="22" type="stmt"/>
        <line num="7" count="22" type="stmt"/>
        <line num="20" count="1" type="stmt"/>
        <line num="21" count="22" type="stmt"/>
        <line num="22" count="22" type="stmt"/>
      </file>
    </package>
    <package name="pages">
      <metrics statements="114" coveredstatements="57" conditionals="44" coveredconditionals="26" methods="39" coveredmethods="20"/>
      <file name="Details.jsx" path="C:\Users\cinti\OneDrive\Documentos\curso-dev-quest\Projeto-Completo\Lista-Pokedex\src\pages\Details.jsx">
        <metrics statements="49" coveredstatements="0" conditionals="12" coveredconditionals="0" methods="19" coveredmethods="0"/>
        <line num="7" count="0" type="stmt"/>
        <line num="12" count="0" type="stmt"/>
        <line num="13" count="0" type="stmt"/>
        <line num="14" count="0" type="stmt"/>
        <line num="22" count="0" type="stmt"/>
        <line num="28" count="0" type="stmt"/>
        <line num="30" count="0" type="stmt"/>
        <line num="34" count="0" type="stmt"/>
        <line num="39" count="0" type="stmt"/>
        <line num="42" count="0" type="stmt"/>
        <line num="45" count="0" type="stmt"/>
        <line num="51" count="0" type="stmt"/>
        <line num="54" count="0" type="stmt"/>
        <line num="57" count="0" type="stmt"/>
        <line num="61" count="0" type="stmt"/>
        <line num="64" count="0" type="stmt"/>
        <line num="66" count="0" type="stmt"/>
        <line num="71" count="0" type="stmt"/>
        <line num="72" count="0" type="stmt"/>
        <line num="73" count="0" type="stmt"/>
        <line num="74" count="0" type="stmt"/>
        <line num="75" count="0" type="stmt"/>
        <line num="77" count="0" type="stmt"/>
        <line num="78" count="0" type="stmt"/>
        <line num="79" count="0" type="stmt"/>
        <line num="80" count="0" type="stmt"/>
        <line num="81" count="0" type="stmt"/>
        <line num="82" count="0" type="stmt"/>
        <line num="83" count="0" type="stmt"/>
        <line num="86" count="0" type="stmt"/>
        <line num="88" count="0" type="stmt"/>
        <line num="89" count="0" type="stmt"/>
        <line num="90" count="0" type="stmt"/>
        <line num="92" count="0" type="stmt"/>
        <line num="99" count="0" type="stmt"/>
        <line num="103" count="0" type="stmt"/>
        <line num="105" count="0" type="stmt"/>
        <line num="107" count="0" type="stmt"/>
        <line num="111" count="0" type="stmt"/>
        <line num="112" count="0" type="stmt"/>
        <line num="114" count="0" type="stmt"/>
        <line num="118" count="0" type="stmt"/>
        <line num="121" count="0" type="cond" truecount="0" falsecount="2"/>
        <line num="122" count="0" type="cond" truecount="0" falsecount="2"/>
        <line num="123" count="0" type="cond" truecount="0" falsecount="2"/>
        <line num="125" count="0" type="stmt"/>
        <line num="131" count="0" type="stmt"/>
        <line num="142" count="0" type="stmt"/>
        <line num="151" count="0" type="stmt"/>
      </file>
      <file name="Home.jsx" path="C:\Users\cinti\OneDrive\Documentos\curso-dev-quest\Projeto-Completo\Lista-Pokedex\src\pages\Home.jsx">
        <metrics statements="65" coveredstatements="57" conditionals="32" coveredconditionals="26" methods="20" coveredmethods="20"/>
        <line num="8" count="1" type="stmt"/>
        <line num="13" count="1" type="stmt"/>
        <line num="21" count="1" type="stmt"/>
        <line num="29" count="1" type="stmt"/>
        <line num="38" count="22" type="stmt"/>
        <line num="39" count="22" type="stmt"/>
        <line num="40" count="22" type="stmt"/>
        <line num="44" count="1" type="stmt"/>
        <line num="45" count="20" type="stmt"/>
        <line num="46" count="20" type="stmt"/>
        <line num="47" count="20" type="stmt"/>
        <line num="48" count="20" type="stmt"/>
        <line num="49" count="20" type="stmt"/>
        <line num="50" count="20" type="stmt"/>
        <line num="52" count="20" type="stmt"/>
        <line num="53" count="6" type="stmt"/>
        <line num="55" count="44" type="stmt"/>
        <line num="56" count="44" type="stmt"/>
        <line num="58" count="44" type="cond" truecount="6" falsecount="1"/>
        <line num="59" count="0" type="stmt"/>
        <line num="60" count="0" type="stmt"/>
        <line num="63" count="44" type="stmt"/>
        <line num="69" count="0" type="stmt"/>
        <line num="70" count="0" type="stmt"/>
        <line num="75" count="6" type="stmt"/>
        <line num="76" count="44" type="cond" truecount="2" falsecount="0"/>
        <line num="77" count="44" type="stmt"/>
        <line num="81" count="20" type="cond" truecount="0" falsecount="3"/>
        <line num="82" count="7" type="stmt"/>
        <line num="83" count="7" type="stmt"/>
        <line num="84" count="7" type="stmt"/>
        <line num="85" count="7" type="cond" truecount="2" falsecount="0"/>
        <line num="86" count="6" type="stmt"/>
        <line num="87" count="5" type="cond" truecount="3" falsecount="1"/>
        <line num="88" count="5" type="stmt"/>
        <line num="90" count="0" type="stmt"/>
        <line num="93" count="1" type="stmt"/>
        <line num="94" count="1" type="cond" truecount="3" falsecount="1"/>
        <line num="96" count="2" type="stmt"/>
        <line num="97" count="1" type="stmt"/>
        <line num="99" count="0" type="stmt"/>
        <line num="103" count="6" type="cond" truecount="2" falsecount="0"/>
        <line num="105" count="0" type="stmt"/>
        <line num="107" count="6" type="stmt"/>
        <line num="111" count="20" type="stmt"/>
        <line num="112" count="5" type="stmt"/>
        <line num="113" count="5" type="stmt"/>
        <line num="114" count="5" type="stmt"/>
        <line num="115" count="5" type="stmt"/>
        <line num="117" count="0" type="stmt"/>
        <line num="120" count="5" type="stmt"/>
        <line num="123" count="20" type="stmt"/>
        <line num="124" count="6" type="stmt"/>
        <line num="125" count="6" type="stmt"/>
        <line num="126" count="6" type="stmt"/>
        <line num="129" count="20" type="stmt"/>
        <line num="130" count="7" type="cond" truecount="4" falsecount="0"/>
        <line num="131" count="1" type="stmt"/>
        <line num="135" count="20" type="stmt"/>
        <line num="136" count="1" type="stmt"/>
        <line num="139" count="20" type="stmt"/>
        <line num="140" count="1" type="stmt"/>
        <line num="143" count="20" type="stmt"/>
        <line num="155" count="40" type="stmt"/>
        <line num="164" count="84" type="stmt"/>
      </file>
    </package>
    <package name="services">
      <metrics statements="16" coveredstatements="6" conditionals="2" coveredconditionals="0" methods="5" coveredmethods="0"/>
      <file name="api.js" path="C:\Users\cinti\OneDrive\Documentos\curso-dev-quest\Projeto-Completo\Lista-Pokedex\src\services\api.js">
        <metrics statements="16" coveredstatements="6" conditionals="2" coveredconditionals="0" methods="5" coveredmethods="0"/>
        <line num="3" count="1" type="stmt"/>
        <line num="7" count="1" type="cond" truecount="0" falsecount="2"/>
        <line num="8" count="0" type="stmt"/>
        <line num="9" count="0" type="stmt"/>
        <line num="12" count="1" type="stmt"/>
        <line num="13" count="0" type="stmt"/>
        <line num="14" count="0" type="stmt"/>
        <line num="17" count="1" type="stmt"/>
        <line num="18" count="0" type="stmt"/>
        <line num="19" count="0" type="stmt"/>
        <line num="22" count="1" type="stmt"/>
        <line num="23" count="0" type="stmt"/>
        <line num="24" count="0" type="stmt"/>
        <line num="27" count="1" type="stmt"/>
        <line num="28" count="0" type="stmt"/>
        <line num="29" count="0" type="stmt"/>
      </file>
    </package>
    <package name="styles">
      <metrics statements="5" coveredstatements="3" conditionals="0" coveredconditionals="0" methods="2" coveredmethods="0"/>
      <file name="global.js" path="C:\Users\cinti\OneDrive\Documentos\curso-dev-quest\Projeto-Completo\Lista-Pokedex\src\styles\global.js">
        <metrics statements="3" coveredstatements="1" conditionals="0" coveredconditionals="0" methods="2" coveredmethods="0"/>
        <line num="3" count="1" type="stmt"/>
        <line num="8" count="0" type="stmt"/>
        <line num="9" count="0" type="stmt"/>
      </file>
      <file name="themes.js" path="C:\Users\cinti\OneDrive\Documentos\curso-dev-quest\Projeto-Completo\Lista-Pokedex\src\styles\themes.js">
        <metrics statements="2" coveredstatements="2" conditionals="0" coveredconditionals="0" methods="0" coveredmethods="0"/>
        <line num="1" count="1" type="stmt"/>
        <line num="10" count="1" type="stmt"/>
      </file>
    </package>
  </project>
</coverage>
