{"C:\\Users\\cinti\\OneDrive\\Documentos\\curso-dev-quest\\Projeto-Completo\\Lista-Pokedex\\src\\components\\Button.jsx": {"path":"C:\\Users\\cinti\\OneDrive\\Documentos\\curso-dev-quest\\Projeto-Completo\\Lista-Pokedex\\src\\components\\Button.jsx","statementMap":{"0":{"start":{"line":4,"column":21},"end":{"line":24,"column":1}},"1":{"start":{"line":5,"column":27},"end":{"line":5,"column":55}},"2":{"start":{"line":6,"column":22},"end":{"line":6,"column":44}},"3":{"start":{"line":26,"column":15},"end":{"line":28,"column":1}},"4":{"start":{"line":27,"column":2},"end":{"line":27,"column":59}}},"fnMap":{"0":{"name":"(anonymous_0)","decl":{"start":{"line":5,"column":16},"end":{"line":5,"column":17}},"loc":{"start":{"line":5,"column":27},"end":{"line":5,"column":55}},"line":5},"1":{"name":"(anonymous_1)","decl":{"start":{"line":6,"column":11},"end":{"line":6,"column":12}},"loc":{"start":{"line":6,"column":22},"end":{"line":6,"column":44}},"line":6},"2":{"name":"(anonymous_2)","decl":{"start":{"line":26,"column":15},"end":{"line":26,"column":16}},"loc":{"start":{"line":26,"column":43},"end":{"line":28,"column":1}},"line":26}},"branchMap":{},"s":{"0":1,"1":19,"2":19,"3":1,"4":17},"f":{"0":19,"1":19,"2":17},"b":{},"_coverageSchema":"1a1c01bbd47fc00a2c39e90264f33305004495a9","hash":"cb0792d63e210046db6d61bde33478b3a2fe32d8"}
,"C:\\Users\\cinti\\OneDrive\\Documentos\\curso-dev-quest\\Projeto-Completo\\Lista-Pokedex\\src\\components\\PokemonCard.jsx": {"path":"C:\\Users\\cinti\\OneDrive\\Documentos\\curso-dev-quest\\Projeto-Completo\\Lista-Pokedex\\src\\components\\PokemonCard.jsx","statementMap":{"0":{"start":{"line":5,"column":13},"end":{"line":37,"column":1}},"1":{"start":{"line":6,"column":27},"end":{"line":6,"column":53}},"2":{"start":{"line":7,"column":33},"end":{"line":7,"column":55}},"3":{"start":{"line":13,"column":22},"end":{"line":13,"column":38}},"4":{"start":{"line":39,"column":20},"end":{"line":46,"column":1}},"5":{"start":{"line":40,"column":2},"end":{"line":45,"column":3}}},"fnMap":{"0":{"name":"(anonymous_0)","decl":{"start":{"line":6,"column":16},"end":{"line":6,"column":17}},"loc":{"start":{"line":6,"column":27},"end":{"line":6,"column":53}},"line":6},"1":{"name":"(anonymous_1)","decl":{"start":{"line":7,"column":22},"end":{"line":7,"column":23}},"loc":{"start":{"line":7,"column":33},"end":{"line":7,"column":55}},"line":7},"2":{"name":"(anonymous_2)","decl":{"start":{"line":13,"column":11},"end":{"line":13,"column":12}},"loc":{"start":{"line":13,"column":22},"end":{"line":13,"column":38}},"line":13},"3":{"name":"(anonymous_3)","decl":{"start":{"line":39,"column":20},"end":{"line":39,"column":21}},"loc":{"start":{"line":39,"column":45},"end":{"line":46,"column":1}},"line":39}},"branchMap":{},"s":{"0":1,"1":94,"2":94,"3":94,"4":1,"5":84},"f":{"0":94,"1":94,"2":94,"3":84},"b":{},"_coverageSchema":"1a1c01bbd47fc00a2c39e90264f33305004495a9","hash":"41aec70f39ccfbdef5c071ea762a2e0eacafafbf"}
,"C:\\Users\\cinti\\OneDrive\\Documentos\\curso-dev-quest\\Projeto-Completo\\Lista-Pokedex\\src\\components\\ThemeToggleButton.jsx": {"path":"C:\\Users\\cinti\\OneDrive\\Documentos\\curso-dev-quest\\Projeto-Completo\\Lista-Pokedex\\src\\components\\ThemeToggleButton.jsx","statementMap":{"0":{"start":{"line":5,"column":15},"end":{"line":18,"column":1}},"1":{"start":{"line":6,"column":27},"end":{"line":6,"column":55}},"2":{"start":{"line":7,"column":22},"end":{"line":7,"column":44}},"3":{"start":{"line":20,"column":26},"end":{"line":27,"column":1}},"4":{"start":{"line":21,"column":37},"end":{"line":21,"column":47}},"5":{"start":{"line":22,"column":2},"end":{"line":26,"column":3}}},"fnMap":{"0":{"name":"(anonymous_0)","decl":{"start":{"line":6,"column":16},"end":{"line":6,"column":17}},"loc":{"start":{"line":6,"column":27},"end":{"line":6,"column":55}},"line":6},"1":{"name":"(anonymous_1)","decl":{"start":{"line":7,"column":11},"end":{"line":7,"column":12}},"loc":{"start":{"line":7,"column":22},"end":{"line":7,"column":44}},"line":7},"2":{"name":"(anonymous_2)","decl":{"start":{"line":20,"column":26},"end":{"line":20,"column":27}},"loc":{"start":{"line":20,"column":32},"end":{"line":27,"column":1}},"line":20}},"branchMap":{"0":{"loc":{"start":{"line":24,"column":7},"end":{"line":24,"column":81}},"type":"cond-expr","locations":[{"start":{"line":24,"column":31},"end":{"line":24,"column":55}},{"start":{"line":24,"column":58},"end":{"line":24,"column":81}}],"line":24}},"s":{"0":1,"1":22,"2":22,"3":1,"4":22,"5":22},"f":{"0":22,"1":22,"2":22},"b":{"0":[20,2]},"_coverageSchema":"1a1c01bbd47fc00a2c39e90264f33305004495a9","hash":"6285fd101fb927e39edb43ef4b5b9eb947d6f661"}
,"C:\\Users\\cinti\\OneDrive\\Documentos\\curso-dev-quest\\Projeto-Completo\\Lista-Pokedex\\src\\pages\\Details.jsx": {"path":"C:\\Users\\cinti\\OneDrive\\Documentos\\curso-dev-quest\\Projeto-Completo\\Lista-Pokedex\\src\\pages\\Details.jsx","statementMap":{"0":{"start":{"line":7,"column":28},"end":{"line":10,"column":1}},"1":{"start":{"line":12,"column":13},"end":{"line":20,"column":1}},"2":{"start":{"line":13,"column":27},"end":{"line":13,"column":53}},"3":{"start":{"line":14,"column":33},"end":{"line":14,"column":55}},"4":{"start":{"line":22,"column":21},"end":{"line":26,"column":1}},"5":{"start":{"line":28,"column":20},"end":{"line":32,"column":1}},"6":{"start":{"line":30,"column":22},"end":{"line":30,"column":38}},"7":{"start":{"line":34,"column":20},"end":{"line":37,"column":1}},"8":{"start":{"line":39,"column":17},"end":{"line":43,"column":1}},"9":{"start":{"line":42,"column":22},"end":{"line":42,"column":38}},"10":{"start":{"line":45,"column":13},"end":{"line":55,"column":1}},"11":{"start":{"line":51,"column":33},"end":{"line":51,"column":55}},"12":{"start":{"line":54,"column":33},"end":{"line":54,"column":55}},"13":{"start":{"line":57,"column":17},"end":{"line":62,"column":1}},"14":{"start":{"line":61,"column":22},"end":{"line":61,"column":38}},"15":{"start":{"line":64,"column":27},"end":{"line":69,"column":1}},"16":{"start":{"line":66,"column":22},"end":{"line":66,"column":38}},"17":{"start":{"line":71,"column":16},"end":{"line":164,"column":1}},"18":{"start":{"line":72,"column":17},"end":{"line":72,"column":28}},"19":{"start":{"line":73,"column":32},"end":{"line":73,"column":46}},"20":{"start":{"line":74,"column":32},"end":{"line":74,"column":46}},"21":{"start":{"line":75,"column":28},"end":{"line":75,"column":42}},"22":{"start":{"line":77,"column":2},"end":{"line":119,"column":10}},"23":{"start":{"line":78,"column":29},"end":{"line":116,"column":5}},"24":{"start":{"line":79,"column":6},"end":{"line":79,"column":22}},"25":{"start":{"line":80,"column":6},"end":{"line":80,"column":20}},"26":{"start":{"line":81,"column":6},"end":{"line":115,"column":7}},"27":{"start":{"line":82,"column":24},"end":{"line":82,"column":91}},"28":{"start":{"line":83,"column":24},"end":{"line":83,"column":51}},"29":{"start":{"line":86,"column":41},"end":{"line":97,"column":9}},"30":{"start":{"line":88,"column":36},"end":{"line":88,"column":84}},"31":{"start":{"line":89,"column":37},"end":{"line":91,"column":13}},"32":{"start":{"line":90,"column":25},"end":{"line":90,"column":53}},"33":{"start":{"line":92,"column":12},"end":{"line":95,"column":13}},"34":{"start":{"line":99,"column":8},"end":{"line":109,"column":10}},"35":{"start":{"line":103,"column":42},"end":{"line":103,"column":53}},"36":{"start":{"line":105,"column":42},"end":{"line":105,"column":53}},"37":{"start":{"line":107,"column":23},"end":{"line":107,"column":51}},"38":{"start":{"line":111,"column":8},"end":{"line":111,"column":65}},"39":{"start":{"line":112,"column":8},"end":{"line":112,"column":69}},"40":{"start":{"line":114,"column":8},"end":{"line":114,"column":25}},"41":{"start":{"line":118,"column":4},"end":{"line":118,"column":22}},"42":{"start":{"line":121,"column":2},"end":{"line":121,"column":88}},"43":{"start":{"line":121,"column":15},"end":{"line":121,"column":88}},"44":{"start":{"line":122,"column":2},"end":{"line":122,"column":96}},"45":{"start":{"line":122,"column":13},"end":{"line":122,"column":96}},"46":{"start":{"line":123,"column":2},"end":{"line":123,"column":90}},"47":{"start":{"line":123,"column":16},"end":{"line":123,"column":90}},"48":{"start":{"line":125,"column":2},"end":{"line":163,"column":3}},"49":{"start":{"line":131,"column":56},"end":{"line":131,"column":100}},"50":{"start":{"line":142,"column":14},"end":{"line":142,"column":53}},"51":{"start":{"line":151,"column":14},"end":{"line":154,"column":25}}},"fnMap":{"0":{"name":"(anonymous_0)","decl":{"start":{"line":13,"column":16},"end":{"line":13,"column":17}},"loc":{"start":{"line":13,"column":27},"end":{"line":13,"column":53}},"line":13},"1":{"name":"(anonymous_1)","decl":{"start":{"line":14,"column":22},"end":{"line":14,"column":23}},"loc":{"start":{"line":14,"column":33},"end":{"line":14,"column":55}},"line":14},"2":{"name":"(anonymous_2)","decl":{"start":{"line":30,"column":11},"end":{"line":30,"column":12}},"loc":{"start":{"line":30,"column":22},"end":{"line":30,"column":38}},"line":30},"3":{"name":"(anonymous_3)","decl":{"start":{"line":42,"column":11},"end":{"line":42,"column":12}},"loc":{"start":{"line":42,"column":22},"end":{"line":42,"column":38}},"line":42},"4":{"name":"(anonymous_4)","decl":{"start":{"line":51,"column":22},"end":{"line":51,"column":23}},"loc":{"start":{"line":51,"column":33},"end":{"line":51,"column":55}},"line":51},"5":{"name":"(anonymous_5)","decl":{"start":{"line":54,"column":22},"end":{"line":54,"column":23}},"loc":{"start":{"line":54,"column":33},"end":{"line":54,"column":55}},"line":54},"6":{"name":"(anonymous_6)","decl":{"start":{"line":61,"column":11},"end":{"line":61,"column":12}},"loc":{"start":{"line":61,"column":22},"end":{"line":61,"column":38}},"line":61},"7":{"name":"(anonymous_7)","decl":{"start":{"line":66,"column":11},"end":{"line":66,"column":12}},"loc":{"start":{"line":66,"column":22},"end":{"line":66,"column":38}},"line":66},"8":{"name":"(anonymous_8)","decl":{"start":{"line":71,"column":16},"end":{"line":71,"column":17}},"loc":{"start":{"line":71,"column":22},"end":{"line":164,"column":1}},"line":71},"9":{"name":"(anonymous_9)","decl":{"start":{"line":77,"column":12},"end":{"line":77,"column":13}},"loc":{"start":{"line":77,"column":18},"end":{"line":119,"column":3}},"line":77},"10":{"name":"(anonymous_10)","decl":{"start":{"line":78,"column":29},"end":{"line":78,"column":30}},"loc":{"start":{"line":78,"column":41},"end":{"line":116,"column":5}},"line":78},"11":{"name":"(anonymous_11)","decl":{"start":{"line":87,"column":32},"end":{"line":87,"column":33}},"loc":{"start":{"line":87,"column":55},"end":{"line":96,"column":11}},"line":87},"12":{"name":"(anonymous_12)","decl":{"start":{"line":90,"column":14},"end":{"line":90,"column":15}},"loc":{"start":{"line":90,"column":25},"end":{"line":90,"column":53}},"line":90},"13":{"name":"(anonymous_13)","decl":{"start":{"line":103,"column":35},"end":{"line":103,"column":36}},"loc":{"start":{"line":103,"column":42},"end":{"line":103,"column":53}},"line":103},"14":{"name":"(anonymous_14)","decl":{"start":{"line":105,"column":35},"end":{"line":105,"column":36}},"loc":{"start":{"line":105,"column":42},"end":{"line":105,"column":53}},"line":105},"15":{"name":"(anonymous_15)","decl":{"start":{"line":107,"column":12},"end":{"line":107,"column":13}},"loc":{"start":{"line":107,"column":23},"end":{"line":107,"column":51}},"line":107},"16":{"name":"(anonymous_16)","decl":{"start":{"line":131,"column":46},"end":{"line":131,"column":47}},"loc":{"start":{"line":131,"column":56},"end":{"line":131,"column":100}},"line":131},"17":{"name":"(anonymous_17)","decl":{"start":{"line":141,"column":31},"end":{"line":141,"column":32}},"loc":{"start":{"line":142,"column":14},"end":{"line":142,"column":53}},"line":142},"18":{"name":"(anonymous_18)","decl":{"start":{"line":150,"column":35},"end":{"line":150,"column":36}},"loc":{"start":{"line":151,"column":14},"end":{"line":154,"column":25}},"line":151}},"branchMap":{"0":{"loc":{"start":{"line":94,"column":27},"end":{"line":94,"column":99}},"type":"cond-expr","locations":[{"start":{"line":94,"column":46},"end":{"line":94,"column":69}},{"start":{"line":94,"column":72},"end":{"line":94,"column":99}}],"line":94},"1":{"loc":{"start":{"line":106,"column":23},"end":{"line":108,"column":55}},"type":"binary-expr","locations":[{"start":{"line":106,"column":23},"end":{"line":108,"column":24}},{"start":{"line":108,"column":28},"end":{"line":108,"column":55}}],"line":106},"2":{"loc":{"start":{"line":121,"column":2},"end":{"line":121,"column":88}},"type":"if","locations":[{"start":{"line":121,"column":2},"end":{"line":121,"column":88}},{"start":{},"end":{}}],"line":121},"3":{"loc":{"start":{"line":122,"column":2},"end":{"line":122,"column":96}},"type":"if","locations":[{"start":{"line":122,"column":2},"end":{"line":122,"column":96}},{"start":{},"end":{}}],"line":122},"4":{"loc":{"start":{"line":123,"column":2},"end":{"line":123,"column":90}},"type":"if","locations":[{"start":{"line":123,"column":2},"end":{"line":123,"column":90}},{"start":{},"end":{}}],"line":123},"5":{"loc":{"start":{"line":153,"column":17},"end":{"line":153,"column":102}},"type":"binary-expr","locations":[{"start":{"line":153,"column":17},"end":{"line":153,"column":36}},{"start":{"line":153,"column":40},"end":{"line":153,"column":102}}],"line":153}},"s":{"0":0,"1":0,"2":0,"3":0,"4":0,"5":0,"6":0,"7":0,"8":0,"9":0,"10":0,"11":0,"12":0,"13":0,"14":0,"15":0,"16":0,"17":0,"18":0,"19":0,"20":0,"21":0,"22":0,"23":0,"24":0,"25":0,"26":0,"27":0,"28":0,"29":0,"30":0,"31":0,"32":0,"33":0,"34":0,"35":0,"36":0,"37":0,"38":0,"39":0,"40":0,"41":0,"42":0,"43":0,"44":0,"45":0,"46":0,"47":0,"48":0,"49":0,"50":0,"51":0},"f":{"0":0,"1":0,"2":0,"3":0,"4":0,"5":0,"6":0,"7":0,"8":0,"9":0,"10":0,"11":0,"12":0,"13":0,"14":0,"15":0,"16":0,"17":0,"18":0},"b":{"0":[0,0],"1":[0,0],"2":[0,0],"3":[0,0],"4":[0,0],"5":[0,0]}}
,"C:\\Users\\cinti\\OneDrive\\Documentos\\curso-dev-quest\\Projeto-Completo\\Lista-Pokedex\\src\\pages\\Home.jsx": {"path":"C:\\Users\\cinti\\OneDrive\\Documentos\\curso-dev-quest\\Projeto-Completo\\Lista-Pokedex\\src\\pages\\Home.jsx","statementMap":{"0":{"start":{"line":8,"column":26},"end":{"line":11,"column":1}},"1":{"start":{"line":13,"column":15},"end":{"line":19,"column":1}},"2":{"start":{"line":21,"column":13},"end":{"line":27,"column":1}},"3":{"start":{"line":29,"column":24},"end":{"line":42,"column":1}},"4":{"start":{"line":38,"column":35},"end":{"line":38,"column":57}},"5":{"start":{"line":39,"column":35},"end":{"line":39,"column":61}},"6":{"start":{"line":40,"column":24},"end":{"line":40,"column":40}},"7":{"start":{"line":44,"column":13},"end":{"line":177,"column":1}},"8":{"start":{"line":45,"column":34},"end":{"line":45,"column":46}},"9":{"start":{"line":46,"column":30},"end":{"line":46,"column":41}},"10":{"start":{"line":47,"column":32},"end":{"line":47,"column":47}},"11":{"start":{"line":48,"column":28},"end":{"line":48,"column":40}},"12":{"start":{"line":49,"column":42},"end":{"line":49,"column":57}},"13":{"start":{"line":50,"column":16},"end":{"line":50,"column":18}},"14":{"start":{"line":52,"column":30},"end":{"line":78,"column":8}},"15":{"start":{"line":53,"column":20},"end":{"line":73,"column":5}},"16":{"start":{"line":55,"column":8},"end":{"line":71,"column":9}},"17":{"start":{"line":56,"column":23},"end":{"line":56,"column":51}},"18":{"start":{"line":58,"column":10},"end":{"line":61,"column":11}},"19":{"start":{"line":59,"column":12},"end":{"line":59,"column":91}},"20":{"start":{"line":60,"column":12},"end":{"line":60,"column":23}},"21":{"start":{"line":63,"column":10},"end":{"line":67,"column":11}},"22":{"start":{"line":69,"column":10},"end":{"line":69,"column":83}},"23":{"start":{"line":70,"column":10},"end":{"line":70,"column":22}},"24":{"start":{"line":75,"column":4},"end":{"line":77,"column":34}},"25":{"start":{"line":76,"column":24},"end":{"line":76,"column":78}},"26":{"start":{"line":77,"column":21},"end":{"line":77,"column":33}},"27":{"start":{"line":81,"column":24},"end":{"line":109,"column":27}},"28":{"start":{"line":82,"column":4},"end":{"line":82,"column":20}},"29":{"start":{"line":83,"column":4},"end":{"line":108,"column":5}},"30":{"start":{"line":84,"column":28},"end":{"line":84,"column":30}},"31":{"start":{"line":85,"column":6},"end":{"line":101,"column":7}},"32":{"start":{"line":86,"column":21},"end":{"line":86,"column":60}},"33":{"start":{"line":87,"column":8},"end":{"line":91,"column":9}},"34":{"start":{"line":88,"column":10},"end":{"line":88,"column":67}},"35":{"start":{"line":90,"column":12},"end":{"line":90,"column":81}},"36":{"start":{"line":93,"column":21},"end":{"line":93,"column":101}},"37":{"start":{"line":94,"column":8},"end":{"line":100,"column":9}},"38":{"start":{"line":96,"column":39},"end":{"line":96,"column":86}},"39":{"start":{"line":96,"column":76},"end":{"line":96,"column":85}},"40":{"start":{"line":97,"column":10},"end":{"line":97,"column":75}},"41":{"start":{"line":99,"column":12},"end":{"line":99,"column":87}},"42":{"start":{"line":103,"column":6},"end":{"line":103,"column":87}},"43":{"start":{"line":103,"column":29},"end":{"line":103,"column":85}},"44":{"start":{"line":105,"column":6},"end":{"line":105,"column":70}},"45":{"start":{"line":107,"column":6},"end":{"line":107,"column":23}},"46":{"start":{"line":111,"column":2},"end":{"line":121,"column":8}},"47":{"start":{"line":112,"column":22},"end":{"line":119,"column":5}},"48":{"start":{"line":113,"column":6},"end":{"line":118,"column":7}},"49":{"start":{"line":114,"column":21},"end":{"line":114,"column":44}},"50":{"start":{"line":115,"column":8},"end":{"line":115,"column":30}},"51":{"start":{"line":117,"column":8},"end":{"line":117,"column":55}},"52":{"start":{"line":120,"column":4},"end":{"line":120,"column":15}},"53":{"start":{"line":123,"column":2},"end":{"line":127,"column":35}},"54":{"start":{"line":124,"column":4},"end":{"line":124,"column":19}},"55":{"start":{"line":125,"column":4},"end":{"line":125,"column":16}},"56":{"start":{"line":126,"column":4},"end":{"line":126,"column":41}},"57":{"start":{"line":129,"column":2},"end":{"line":133,"column":43}},"58":{"start":{"line":130,"column":4},"end":{"line":132,"column":5}},"59":{"start":{"line":131,"column":6},"end":{"line":131,"column":47}},"60":{"start":{"line":135,"column":27},"end":{"line":137,"column":3}},"61":{"start":{"line":136,"column":4},"end":{"line":136,"column":35}},"62":{"start":{"line":139,"column":25},"end":{"line":141,"column":3}},"63":{"start":{"line":140,"column":4},"end":{"line":140,"column":37}},"64":{"start":{"line":140,"column":24},"end":{"line":140,"column":36}},"65":{"start":{"line":143,"column":2},"end":{"line":176,"column":3}},"66":{"start":{"line":155,"column":12},"end":{"line":157,"column":21}},"67":{"start":{"line":164,"column":10},"end":{"line":164,"column":55}}},"fnMap":{"0":{"name":"(anonymous_0)","decl":{"start":{"line":38,"column":24},"end":{"line":38,"column":25}},"loc":{"start":{"line":38,"column":35},"end":{"line":38,"column":57}},"line":38},"1":{"name":"(anonymous_1)","decl":{"start":{"line":39,"column":24},"end":{"line":39,"column":25}},"loc":{"start":{"line":39,"column":35},"end":{"line":39,"column":61}},"line":39},"2":{"name":"(anonymous_2)","decl":{"start":{"line":40,"column":13},"end":{"line":40,"column":14}},"loc":{"start":{"line":40,"column":24},"end":{"line":40,"column":40}},"line":40},"3":{"name":"(anonymous_3)","decl":{"start":{"line":44,"column":13},"end":{"line":44,"column":14}},"loc":{"start":{"line":44,"column":19},"end":{"line":177,"column":1}},"line":44},"4":{"name":"(anonymous_4)","decl":{"start":{"line":52,"column":42},"end":{"line":52,"column":43}},"loc":{"start":{"line":52,"column":65},"end":{"line":78,"column":3}},"line":52},"5":{"name":"(anonymous_5)","decl":{"start":{"line":54,"column":22},"end":{"line":54,"column":23}},"loc":{"start":{"line":54,"column":41},"end":{"line":72,"column":7}},"line":54},"6":{"name":"(anonymous_6)","decl":{"start":{"line":76,"column":14},"end":{"line":76,"column":15}},"loc":{"start":{"line":76,"column":24},"end":{"line":76,"column":78}},"line":76},"7":{"name":"(anonymous_7)","decl":{"start":{"line":77,"column":11},"end":{"line":77,"column":12}},"loc":{"start":{"line":77,"column":21},"end":{"line":77,"column":33}},"line":77},"8":{"name":"(anonymous_8)","decl":{"start":{"line":81,"column":36},"end":{"line":81,"column":37}},"loc":{"start":{"line":81,"column":110},"end":{"line":109,"column":3}},"line":81},"9":{"name":"(anonymous_9)","decl":{"start":{"line":96,"column":69},"end":{"line":96,"column":70}},"loc":{"start":{"line":96,"column":76},"end":{"line":96,"column":85}},"line":96},"10":{"name":"(anonymous_10)","decl":{"start":{"line":103,"column":18},"end":{"line":103,"column":19}},"loc":{"start":{"line":103,"column":29},"end":{"line":103,"column":85}},"line":103},"11":{"name":"(anonymous_11)","decl":{"start":{"line":111,"column":12},"end":{"line":111,"column":13}},"loc":{"start":{"line":111,"column":18},"end":{"line":121,"column":3}},"line":111},"12":{"name":"(anonymous_12)","decl":{"start":{"line":112,"column":22},"end":{"line":112,"column":23}},"loc":{"start":{"line":112,"column":34},"end":{"line":119,"column":5}},"line":112},"13":{"name":"(anonymous_13)","decl":{"start":{"line":123,"column":12},"end":{"line":123,"column":13}},"loc":{"start":{"line":123,"column":18},"end":{"line":127,"column":3}},"line":123},"14":{"name":"(anonymous_14)","decl":{"start":{"line":129,"column":12},"end":{"line":129,"column":13}},"loc":{"start":{"line":129,"column":18},"end":{"line":133,"column":3}},"line":129},"15":{"name":"(anonymous_15)","decl":{"start":{"line":135,"column":27},"end":{"line":135,"column":28}},"loc":{"start":{"line":135,"column":34},"end":{"line":137,"column":3}},"line":135},"16":{"name":"(anonymous_16)","decl":{"start":{"line":139,"column":25},"end":{"line":139,"column":26}},"loc":{"start":{"line":139,"column":31},"end":{"line":141,"column":3}},"line":139},"17":{"name":"(anonymous_17)","decl":{"start":{"line":140,"column":14},"end":{"line":140,"column":15}},"loc":{"start":{"line":140,"column":24},"end":{"line":140,"column":36}},"line":140},"18":{"name":"(anonymous_18)","decl":{"start":{"line":154,"column":21},"end":{"line":154,"column":22}},"loc":{"start":{"line":155,"column":12},"end":{"line":157,"column":21}},"line":155},"19":{"name":"(anonymous_19)","decl":{"start":{"line":163,"column":22},"end":{"line":163,"column":23}},"loc":{"start":{"line":164,"column":10},"end":{"line":164,"column":55}},"line":164}},"branchMap":{"0":{"loc":{"start":{"line":58,"column":10},"end":{"line":61,"column":11}},"type":"if","locations":[{"start":{"line":58,"column":10},"end":{"line":61,"column":11}},{"start":{},"end":{}}],"line":58},"1":{"loc":{"start":{"line":58,"column":14},"end":{"line":58,"column":93}},"type":"binary-expr","locations":[{"start":{"line":58,"column":14},"end":{"line":58,"column":19}},{"start":{"line":58,"column":23},"end":{"line":58,"column":31}},{"start":{"line":58,"column":35},"end":{"line":58,"column":45}},{"start":{"line":58,"column":49},"end":{"line":58,"column":62}},{"start":{"line":58,"column":66},"end":{"line":58,"column":93}}],"line":58},"2":{"loc":{"start":{"line":76,"column":24},"end":{"line":76,"column":78}},"type":"binary-expr","locations":[{"start":{"line":76,"column":24},"end":{"line":76,"column":53}},{"start":{"line":76,"column":57},"end":{"line":76,"column":78}}],"line":76},"3":{"loc":{"start":{"line":81,"column":43},"end":{"line":81,"column":60}},"type":"default-arg","locations":[{"start":{"line":81,"column":59},"end":{"line":81,"column":60}}],"line":81},"4":{"loc":{"start":{"line":81,"column":62},"end":{"line":81,"column":89}},"type":"default-arg","locations":[{"start":{"line":81,"column":84},"end":{"line":81,"column":89}}],"line":81},"5":{"loc":{"start":{"line":81,"column":91},"end":{"line":81,"column":105}},"type":"default-arg","locations":[{"start":{"line":81,"column":100},"end":{"line":81,"column":105}}],"line":81},"6":{"loc":{"start":{"line":85,"column":6},"end":{"line":101,"column":7}},"type":"if","locations":[{"start":{"line":85,"column":6},"end":{"line":101,"column":7}},{"start":{"line":92,"column":13},"end":{"line":101,"column":7}}],"line":85},"7":{"loc":{"start":{"line":87,"column":8},"end":{"line":91,"column":9}},"type":"if","locations":[{"start":{"line":87,"column":8},"end":{"line":91,"column":9}},{"start":{"line":89,"column":15},"end":{"line":91,"column":9}}],"line":87},"8":{"loc":{"start":{"line":87,"column":12},"end":{"line":87,"column":32}},"type":"binary-expr","locations":[{"start":{"line":87,"column":12},"end":{"line":87,"column":16}},{"start":{"line":87,"column":20},"end":{"line":87,"column":32}}],"line":87},"9":{"loc":{"start":{"line":94,"column":8},"end":{"line":100,"column":9}},"type":"if","locations":[{"start":{"line":94,"column":8},"end":{"line":100,"column":9}},{"start":{"line":98,"column":15},"end":{"line":100,"column":9}}],"line":94},"10":{"loc":{"start":{"line":94,"column":12},"end":{"line":94,"column":32}},"type":"binary-expr","locations":[{"start":{"line":94,"column":12},"end":{"line":94,"column":16}},{"start":{"line":94,"column":20},"end":{"line":94,"column":32}}],"line":94},"11":{"loc":{"start":{"line":103,"column":29},"end":{"line":103,"column":85}},"type":"cond-expr","locations":[{"start":{"line":103,"column":38},"end":{"line":103,"column":67}},{"start":{"line":103,"column":70},"end":{"line":103,"column":85}}],"line":103},"12":{"loc":{"start":{"line":130,"column":4},"end":{"line":132,"column":5}},"type":"if","locations":[{"start":{"line":130,"column":4},"end":{"line":132,"column":5}},{"start":{},"end":{}}],"line":130},"13":{"loc":{"start":{"line":130,"column":8},"end":{"line":130,"column":44}},"type":"binary-expr","locations":[{"start":{"line":130,"column":8},"end":{"line":130,"column":30}},{"start":{"line":130,"column":34},"end":{"line":130,"column":44}}],"line":130},"14":{"loc":{"start":{"line":168,"column":7},"end":{"line":174,"column":7}},"type":"binary-expr","locations":[{"start":{"line":168,"column":7},"end":{"line":168,"column":29}},{"start":{"line":169,"column":8},"end":{"line":173,"column":14}}],"line":168},"15":{"loc":{"start":{"line":171,"column":13},"end":{"line":171,"column":56}},"type":"cond-expr","locations":[{"start":{"line":171,"column":23},"end":{"line":171,"column":38}},{"start":{"line":171,"column":41},"end":{"line":171,"column":56}}],"line":171}},"s":{"0":1,"1":1,"2":1,"3":1,"4":22,"5":22,"6":22,"7":1,"8":20,"9":20,"10":20,"11":20,"12":20,"13":20,"14":20,"15":6,"16":44,"17":44,"18":44,"19":0,"20":0,"21":44,"22":0,"23":0,"24":6,"25":44,"26":44,"27":20,"28":7,"29":7,"30":7,"31":7,"32":6,"33":5,"34":5,"35":0,"36":1,"37":1,"38":1,"39":2,"40":1,"41":0,"42":6,"43":6,"44":0,"45":6,"46":20,"47":5,"48":5,"49":5,"50":5,"51":0,"52":5,"53":20,"54":6,"55":6,"56":6,"57":20,"58":7,"59":1,"60":20,"61":1,"62":20,"63":1,"64":1,"65":20,"66":40,"67":84},"f":{"0":22,"1":22,"2":22,"3":20,"4":6,"5":44,"6":44,"7":44,"8":7,"9":2,"10":6,"11":5,"12":5,"13":6,"14":7,"15":1,"16":1,"17":1,"18":40,"19":84},"b":{"0":[0,44],"1":[44,44,44,44,44],"2":[44,44],"3":[0],"4":[0],"5":[0],"6":[6,1],"7":[5,0],"8":[5,5],"9":[1,0],"10":[1,1],"11":[1,5],"12":[1,6],"13":[7,6],"14":[20,17],"15":[6,11]},"_coverageSchema":"1a1c01bbd47fc00a2c39e90264f33305004495a9","hash":"4b0e87b22f0f2f27962a56846cff43baacdeadfc"}
,"C:\\Users\\cinti\\OneDrive\\Documentos\\curso-dev-quest\\Projeto-Completo\\Lista-Pokedex\\src\\services\\api.js": {"path":"C:\\Users\\cinti\\OneDrive\\Documentos\\curso-dev-quest\\Projeto-Completo\\Lista-Pokedex\\src\\services\\api.js","statementMap":{"0":{"start":{"line":3,"column":12},"end":{"line":5,"column":2}},"1":{"start":{"line":7,"column":27},"end":{"line":10,"column":1}},"2":{"start":{"line":8,"column":19},"end":{"line":8,"column":75}},"3":{"start":{"line":9,"column":2},"end":{"line":9,"column":22}},"4":{"start":{"line":12,"column":33},"end":{"line":15,"column":1}},"5":{"start":{"line":13,"column":19},"end":{"line":13,"column":39}},"6":{"start":{"line":14,"column":2},"end":{"line":14,"column":22}},"7":{"start":{"line":17,"column":33},"end":{"line":20,"column":1}},"8":{"start":{"line":18,"column":19},"end":{"line":18,"column":58}},"9":{"start":{"line":19,"column":2},"end":{"line":19,"column":22}},"10":{"start":{"line":22,"column":31},"end":{"line":25,"column":1}},"11":{"start":{"line":23,"column":19},"end":{"line":23,"column":40}},"12":{"start":{"line":24,"column":2},"end":{"line":24,"column":22}},"13":{"start":{"line":27,"column":33},"end":{"line":30,"column":1}},"14":{"start":{"line":28,"column":19},"end":{"line":28,"column":43}},"15":{"start":{"line":29,"column":2},"end":{"line":29,"column":22}}},"fnMap":{"0":{"name":"(anonymous_0)","decl":{"start":{"line":7,"column":27},"end":{"line":7,"column":28}},"loc":{"start":{"line":7,"column":61},"end":{"line":10,"column":1}},"line":7},"1":{"name":"(anonymous_1)","decl":{"start":{"line":12,"column":33},"end":{"line":12,"column":34}},"loc":{"start":{"line":12,"column":48},"end":{"line":15,"column":1}},"line":12},"2":{"name":"(anonymous_2)","decl":{"start":{"line":17,"column":33},"end":{"line":17,"column":34}},"loc":{"start":{"line":17,"column":47},"end":{"line":20,"column":1}},"line":17},"3":{"name":"(anonymous_3)","decl":{"start":{"line":22,"column":31},"end":{"line":22,"column":32}},"loc":{"start":{"line":22,"column":43},"end":{"line":25,"column":1}},"line":22},"4":{"name":"(anonymous_4)","decl":{"start":{"line":27,"column":33},"end":{"line":27,"column":34}},"loc":{"start":{"line":27,"column":52},"end":{"line":30,"column":1}},"line":27}},"branchMap":{"0":{"loc":{"start":{"line":7,"column":34},"end":{"line":7,"column":44}},"type":"default-arg","locations":[{"start":{"line":7,"column":43},"end":{"line":7,"column":44}}],"line":7},"1":{"loc":{"start":{"line":7,"column":46},"end":{"line":7,"column":56}},"type":"default-arg","locations":[{"start":{"line":7,"column":54},"end":{"line":7,"column":56}}],"line":7}},"s":{"0":1,"1":1,"2":0,"3":0,"4":1,"5":0,"6":0,"7":1,"8":0,"9":0,"10":1,"11":0,"12":0,"13":1,"14":0,"15":0},"f":{"0":0,"1":0,"2":0,"3":0,"4":0},"b":{"0":[0],"1":[0]},"_coverageSchema":"1a1c01bbd47fc00a2c39e90264f33305004495a9","hash":"3d3f1a6ebde85f32fe0c001eec1de01750d7b0c4"}
,"C:\\Users\\cinti\\OneDrive\\Documentos\\curso-dev-quest\\Projeto-Completo\\Lista-Pokedex\\src\\styles\\global.js": {"path":"C:\\Users\\cinti\\OneDrive\\Documentos\\curso-dev-quest\\Projeto-Completo\\Lista-Pokedex\\src\\styles\\global.js","statementMap":{"0":{"start":{"line":3,"column":27},"end":{"line":13,"column":1}},"1":{"start":{"line":8,"column":35},"end":{"line":8,"column":57}},"2":{"start":{"line":9,"column":24},"end":{"line":9,"column":40}}},"fnMap":{"0":{"name":"(anonymous_0)","decl":{"start":{"line":8,"column":24},"end":{"line":8,"column":25}},"loc":{"start":{"line":8,"column":35},"end":{"line":8,"column":57}},"line":8},"1":{"name":"(anonymous_1)","decl":{"start":{"line":9,"column":13},"end":{"line":9,"column":14}},"loc":{"start":{"line":9,"column":24},"end":{"line":9,"column":40}},"line":9}},"branchMap":{},"s":{"0":1,"1":0,"2":0},"f":{"0":0,"1":0},"b":{},"_coverageSchema":"1a1c01bbd47fc00a2c39e90264f33305004495a9","hash":"94d18c4cba76b500c660691e921923f968021445"}
,"C:\\Users\\cinti\\OneDrive\\Documentos\\curso-dev-quest\\Projeto-Completo\\Lista-Pokedex\\src\\styles\\themes.js": {"path":"C:\\Users\\cinti\\OneDrive\\Documentos\\curso-dev-quest\\Projeto-Completo\\Lista-Pokedex\\src\\styles\\themes.js","statementMap":{"0":{"start":{"line":1,"column":26},"end":{"line":8,"column":1}},"1":{"start":{"line":10,"column":25},"end":{"line":17,"column":1}}},"fnMap":{},"branchMap":{},"s":{"0":1,"1":1},"f":{},"b":{},"_coverageSchema":"1a1c01bbd47fc00a2c39e90264f33305004495a9","hash":"51a177a3145f522847c9e947fd51edeb1655ed72"}
}
