TN:
SF:src\components\Button.jsx
FN:5,(anonymous_0)
FN:6,(anonymous_1)
FN:26,(anonymous_2)
FNF:3
FNH:3
FNDA:19,(anonymous_0)
FNDA:19,(anonymous_1)
FNDA:17,(anonymous_2)
DA:4,1
DA:5,19
DA:6,19
DA:26,1
DA:27,17
LF:5
LH:5
BRF:0
BRH:0
end_of_record
TN:
SF:src\components\PokemonCard.jsx
FN:6,(anonymous_0)
FN:7,(anonymous_1)
FN:13,(anonymous_2)
FN:39,(anonymous_3)
FNF:4
FNH:4
FNDA:94,(anonymous_0)
FNDA:94,(anonymous_1)
FNDA:94,(anonymous_2)
FNDA:84,(anonymous_3)
DA:5,1
DA:6,94
DA:7,94
DA:13,94
DA:39,1
DA:40,84
LF:6
LH:6
BRF:0
BRH:0
end_of_record
TN:
SF:src\components\ThemeToggleButton.jsx
FN:6,(anonymous_0)
FN:7,(anonymous_1)
FN:20,(anonymous_2)
FNF:3
FNH:3
FNDA:22,(anonymous_0)
FNDA:22,(anonymous_1)
FNDA:22,(anonymous_2)
DA:5,1
DA:6,22
DA:7,22
DA:20,1
DA:21,22
DA:22,22
LF:6
LH:6
BRDA:24,0,0,20
BRDA:24,0,1,2
BRF:2
BRH:2
end_of_record
TN:
SF:src\pages\Details.jsx
FN:13,(anonymous_0)
FN:14,(anonymous_1)
FN:30,(anonymous_2)
FN:42,(anonymous_3)
FN:51,(anonymous_4)
FN:54,(anonymous_5)
FN:61,(anonymous_6)
FN:66,(anonymous_7)
FN:71,(anonymous_8)
FN:77,(anonymous_9)
FN:78,(anonymous_10)
FN:87,(anonymous_11)
FN:90,(anonymous_12)
FN:103,(anonymous_13)
FN:105,(anonymous_14)
FN:107,(anonymous_15)
FN:131,(anonymous_16)
FN:141,(anonymous_17)
FN:150,(anonymous_18)
FNF:19
FNH:0
FNDA:0,(anonymous_0)
FNDA:0,(anonymous_1)
FNDA:0,(anonymous_2)
FNDA:0,(anonymous_3)
FNDA:0,(anonymous_4)
FNDA:0,(anonymous_5)
FNDA:0,(anonymous_6)
FNDA:0,(anonymous_7)
FNDA:0,(anonymous_8)
FNDA:0,(anonymous_9)
FNDA:0,(anonymous_10)
FNDA:0,(anonymous_11)
FNDA:0,(anonymous_12)
FNDA:0,(anonymous_13)
FNDA:0,(anonymous_14)
FNDA:0,(anonymous_15)
FNDA:0,(anonymous_16)
FNDA:0,(anonymous_17)
FNDA:0,(anonymous_18)
DA:7,0
DA:12,0
DA:13,0
DA:14,0
DA:22,0
DA:28,0
DA:30,0
DA:34,0
DA:39,0
DA:42,0
DA:45,0
DA:51,0
DA:54,0
DA:57,0
DA:61,0
DA:64,0
DA:66,0
DA:71,0
DA:72,0
DA:73,0
DA:74,0
DA:75,0
DA:77,0
DA:78,0
DA:79,0
DA:80,0
DA:81,0
DA:82,0
DA:83,0
DA:86,0
DA:88,0
DA:89,0
DA:90,0
DA:92,0
DA:99,0
DA:103,0
DA:105,0
DA:107,0
DA:111,0
DA:112,0
DA:114,0
DA:118,0
DA:121,0
DA:122,0
DA:123,0
DA:125,0
DA:131,0
DA:142,0
DA:151,0
LF:49
LH:0
BRDA:94,0,0,0
BRDA:94,0,1,0
BRDA:106,1,0,0
BRDA:106,1,1,0
BRDA:121,2,0,0
BRDA:121,2,1,0
BRDA:122,3,0,0
BRDA:122,3,1,0
BRDA:123,4,0,0
BRDA:123,4,1,0
BRDA:153,5,0,0
BRDA:153,5,1,0
BRF:12
BRH:0
end_of_record
TN:
SF:src\pages\Home.jsx
FN:38,(anonymous_0)
FN:39,(anonymous_1)
FN:40,(anonymous_2)
FN:44,(anonymous_3)
FN:52,(anonymous_4)
FN:54,(anonymous_5)
FN:76,(anonymous_6)
FN:77,(anonymous_7)
FN:81,(anonymous_8)
FN:96,(anonymous_9)
FN:103,(anonymous_10)
FN:111,(anonymous_11)
FN:112,(anonymous_12)
FN:123,(anonymous_13)
FN:129,(anonymous_14)
FN:135,(anonymous_15)
FN:139,(anonymous_16)
FN:140,(anonymous_17)
FN:154,(anonymous_18)
FN:163,(anonymous_19)
FNF:20
FNH:20
FNDA:22,(anonymous_0)
FNDA:22,(anonymous_1)
FNDA:22,(anonymous_2)
FNDA:20,(anonymous_3)
FNDA:6,(anonymous_4)
FNDA:44,(anonymous_5)
FNDA:44,(anonymous_6)
FNDA:44,(anonymous_7)
FNDA:7,(anonymous_8)
FNDA:2,(anonymous_9)
FNDA:6,(anonymous_10)
FNDA:5,(anonymous_11)
FNDA:5,(anonymous_12)
FNDA:6,(anonymous_13)
FNDA:7,(anonymous_14)
FNDA:1,(anonymous_15)
FNDA:1,(anonymous_16)
FNDA:1,(anonymous_17)
FNDA:40,(anonymous_18)
FNDA:84,(anonymous_19)
DA:8,1
DA:13,1
DA:21,1
DA:29,1
DA:38,22
DA:39,22
DA:40,22
DA:44,1
DA:45,20
DA:46,20
DA:47,20
DA:48,20
DA:49,20
DA:50,20
DA:52,20
DA:53,6
DA:55,44
DA:56,44
DA:58,44
DA:59,0
DA:60,0
DA:63,44
DA:69,0
DA:70,0
DA:75,6
DA:76,44
DA:77,44
DA:81,20
DA:82,7
DA:83,7
DA:84,7
DA:85,7
DA:86,6
DA:87,5
DA:88,5
DA:90,0
DA:93,1
DA:94,1
DA:96,2
DA:97,1
DA:99,0
DA:103,6
DA:105,0
DA:107,6
DA:111,20
DA:112,5
DA:113,5
DA:114,5
DA:115,5
DA:117,0
DA:120,5
DA:123,20
DA:124,6
DA:125,6
DA:126,6
DA:129,20
DA:130,7
DA:131,1
DA:135,20
DA:136,1
DA:139,20
DA:140,1
DA:143,20
DA:155,40
DA:164,84
LF:65
LH:57
BRDA:58,0,0,0
BRDA:58,0,1,44
BRDA:58,1,0,44
BRDA:58,1,1,44
BRDA:58,1,2,44
BRDA:58,1,3,44
BRDA:58,1,4,44
BRDA:76,2,0,44
BRDA:76,2,1,44
BRDA:81,3,0,0
BRDA:81,4,0,0
BRDA:81,5,0,0
BRDA:85,6,0,6
BRDA:85,6,1,1
BRDA:87,7,0,5
BRDA:87,7,1,0
BRDA:87,8,0,5
BRDA:87,8,1,5
BRDA:94,9,0,1
BRDA:94,9,1,0
BRDA:94,10,0,1
BRDA:94,10,1,1
BRDA:103,11,0,1
BRDA:103,11,1,5
BRDA:130,12,0,1
BRDA:130,12,1,6
BRDA:130,13,0,7
BRDA:130,13,1,6
BRDA:168,14,0,20
BRDA:168,14,1,17
BRDA:171,15,0,6
BRDA:171,15,1,11
BRF:32
BRH:26
end_of_record
TN:
SF:src\services\api.js
FN:7,(anonymous_0)
FN:12,(anonymous_1)
FN:17,(anonymous_2)
FN:22,(anonymous_3)
FN:27,(anonymous_4)
FNF:5
FNH:0
FNDA:0,(anonymous_0)
FNDA:0,(anonymous_1)
FNDA:0,(anonymous_2)
FNDA:0,(anonymous_3)
FNDA:0,(anonymous_4)
DA:3,1
DA:7,1
DA:8,0
DA:9,0
DA:12,1
DA:13,0
DA:14,0
DA:17,1
DA:18,0
DA:19,0
DA:22,1
DA:23,0
DA:24,0
DA:27,1
DA:28,0
DA:29,0
LF:16
LH:6
BRDA:7,0,0,0
BRDA:7,1,0,0
BRF:2
BRH:0
end_of_record
TN:
SF:src\styles\global.js
FN:8,(anonymous_0)
FN:9,(anonymous_1)
FNF:2
FNH:0
FNDA:0,(anonymous_0)
FNDA:0,(anonymous_1)
DA:3,1
DA:8,0
DA:9,0
LF:3
LH:1
BRF:0
BRH:0
end_of_record
TN:
SF:src\styles\themes.js
FNF:0
FNH:0
DA:1,1
DA:10,1
LF:2
LH:2
BRF:0
BRH:0
end_of_record
